2025-03-13 00:10:33:1033 error: User whit email 'emersonhv@gmail.com' already exists
2025-03-13 00:30:45:3045 error: Internal Server Error
2025-03-13 00:30:45:3045 error: Error getting user profile
2025-03-13 03:37:46:3746 error: User not found
2025-03-13 03:37:46:3746 error: User not found
2025-03-13 03:37:46:3746 error: All fields are required
2025-03-13 03:37:46:3746 error: All fields are required
2025-03-13 03:37:46:3746 error: User whit email 'john.doe@example.com' already exists
2025-03-13 03:37:46:3746 error: User whit email 'john.doe@example.com' already exists
2025-03-13 03:37:46:3746 error: Email is required
2025-03-13 03:37:46:3746 error: Email is required
2025-03-13 03:37:46:3746 error: User not found
2025-03-13 03:37:46:3746 error: User not found
2025-03-13 03:40:28:4028 error: User not found
2025-03-13 03:40:28:4028 error: User not found
2025-03-13 03:40:28:4028 error: Incorrect credentials
2025-03-13 03:40:28:4028 error: All fields are required
2025-03-13 03:40:28:4028 error: All fields are required
2025-03-13 03:40:28:4028 error: User whit email 'john.doe@example.com' already exists
2025-03-13 03:40:28:4028 error: User whit email 'john.doe@example.com' already exists
2025-03-13 03:40:28:4028 error: Email is required
2025-03-13 03:40:28:4028 error: Email is required
2025-03-13 03:40:28:4028 error: User not found
2025-03-13 03:40:28:4028 error: User not found
2025-03-13 03:41:31:4131 error: User not found
2025-03-13 03:41:31:4131 error: User not found
2025-03-13 03:41:31:4131 error: All fields are required
2025-03-13 03:41:31:4131 error: All fields are required
2025-03-13 03:41:31:4131 error: User whit email 'john.doe@example.com' already exists
2025-03-13 03:41:31:4131 error: User whit email 'john.doe@example.com' already exists
2025-03-13 03:41:31:4131 error: Email is required
2025-03-13 03:41:31:4131 error: Email is required
2025-03-13 03:41:31:4131 error: User not found
2025-03-13 03:41:31:4131 error: User not found
2025-03-13 03:53:28:5328 error: User not found
2025-03-13 03:53:28:5328 error: User not found
2025-03-13 03:53:28:5328 error: Incorrect credentials
2025-03-13 03:53:28:5328 error: All fields are required
2025-03-13 03:53:28:5328 error: All fields are required
2025-03-13 03:53:28:5328 error: User whit email 'john.doe@example.com' already exists
2025-03-13 03:53:28:5328 error: User whit email 'john.doe@example.com' already exists
2025-03-13 03:53:28:5328 error: Email is required
2025-03-13 03:53:28:5328 error: Email is required
2025-03-13 03:53:28:5328 error: User not found
2025-03-13 03:53:28:5328 error: User not found
2025-03-13 03:54:31:5431 error: User not found
2025-03-13 03:54:31:5431 error: User not found
2025-03-13 03:54:31:5431 error: Incorrect credentials
2025-03-13 03:54:31:5431 error: All fields are required
2025-03-13 03:54:31:5431 error: All fields are required
2025-03-13 03:54:31:5431 error: User whit email 'john.doe@example.com' already exists
2025-03-13 03:54:31:5431 error: User whit email 'john.doe@example.com' already exists
2025-03-13 03:54:31:5431 error: Email is required
2025-03-13 03:54:31:5431 error: Email is required
2025-03-13 03:54:31:5431 error: User not found
2025-03-13 03:54:31:5431 error: User not found
2025-03-13 03:59:28:5928 error: User not found
2025-03-13 03:59:28:5928 error: User not found
2025-03-13 03:59:28:5928 error: Incorrect credentials
2025-03-13 03:59:28:5928 error: All fields are required
2025-03-13 03:59:28:5928 error: All fields are required
2025-03-13 03:59:28:5928 error: User whit email 'john.doe@example.com' already exists
2025-03-13 03:59:28:5928 error: User whit email 'john.doe@example.com' already exists
2025-03-13 03:59:28:5928 error: Email is required
2025-03-13 03:59:28:5928 error: Email is required
2025-03-13 03:59:28:5928 error: User not found
2025-03-13 03:59:28:5928 error: User not found
2025-03-13 04:06:41:641 error: User not found
2025-03-13 04:06:41:641 error: User not found
2025-03-13 04:06:41:641 error: Incorrect credentials
2025-03-13 04:06:41:641 error: All fields are required
2025-03-13 04:06:41:641 error: All fields are required
2025-03-13 04:06:41:641 error: User whit email 'john.doe@example.com' already exists
2025-03-13 04:06:41:641 error: User whit email 'john.doe@example.com' already exists
2025-03-13 04:06:41:641 error: Email is required
2025-03-13 04:06:41:641 error: Email is required
2025-03-13 04:06:41:641 error: User not found
2025-03-13 04:06:41:641 error: User not found
2025-03-13 04:14:38:1438 error: User not found
2025-03-13 04:14:38:1438 error: User not found
2025-03-13 04:14:38:1438 error: Incorrect credentials
2025-03-13 04:14:38:1438 error: All fields are required
2025-03-13 04:14:38:1438 error: All fields are required
2025-03-13 04:14:38:1438 error: User whit email 'john.doe@example.com' already exists
2025-03-13 04:14:38:1438 error: User whit email 'john.doe@example.com' already exists
2025-03-13 04:14:38:1438 error: Email is required
2025-03-13 04:14:38:1438 error: Email is required
2025-03-13 04:14:38:1438 error: User not found
2025-03-13 04:14:38:1438 error: User not found
2025-03-13 04:15:13:1513 error: User not found
2025-03-13 04:15:13:1513 error: User not found
2025-03-13 04:15:13:1513 error: Incorrect credentials
2025-03-13 04:15:13:1513 error: All fields are required
2025-03-13 04:15:13:1513 error: All fields are required
2025-03-13 04:15:13:1513 error: User whit email 'john.doe@example.com' already exists
2025-03-13 04:15:13:1513 error: User whit email 'john.doe@example.com' already exists
2025-03-13 04:15:13:1513 error: Email is required
2025-03-13 04:15:13:1513 error: Email is required
2025-03-13 04:15:13:1513 error: User not found
2025-03-13 04:15:13:1513 error: User not found
2025-03-13 04:15:38:1538 error: User not found
2025-03-13 04:15:38:1538 error: User not found
2025-03-13 04:15:38:1538 error: Incorrect credentials
2025-03-13 04:15:38:1538 error: All fields are required
2025-03-13 04:15:38:1538 error: All fields are required
2025-03-13 04:15:38:1538 error: User whit email 'john.doe@example.com' already exists
2025-03-13 04:15:38:1538 error: User whit email 'john.doe@example.com' already exists
2025-03-13 04:15:38:1538 error: Email is required
2025-03-13 04:15:38:1538 error: Email is required
2025-03-13 04:15:38:1538 error: User not found
2025-03-13 04:15:38:1538 error: User not found
2025-03-13 04:16:09:169 error: User not found
2025-03-13 04:16:09:169 error: User not found
2025-03-13 04:16:09:169 error: All fields are required
2025-03-13 04:16:09:169 error: All fields are required
2025-03-13 04:16:09:169 error: User whit email 'john.doe@example.com' already exists
2025-03-13 04:16:09:169 error: User whit email 'john.doe@example.com' already exists
2025-03-13 04:16:09:169 error: Email is required
2025-03-13 04:16:09:169 error: Email is required
2025-03-13 04:16:09:169 error: User not found
2025-03-13 04:16:09:169 error: User not found
2025-03-13 04:24:08:248 error: User not found
2025-03-13 04:24:08:248 error: User not found
2025-03-13 04:24:08:248 error: Incorrect credentials
2025-03-13 04:24:08:248 error: All fields are required
2025-03-13 04:24:08:248 error: All fields are required
2025-03-13 04:24:08:248 error: User whit email 'john.doe@example.com' already exists
2025-03-13 04:24:08:248 error: User whit email 'john.doe@example.com' already exists
2025-03-13 04:24:08:248 error: Email is required
2025-03-13 04:24:08:248 error: Email is required
2025-03-13 04:24:08:248 error: User not found
2025-03-13 04:24:08:248 error: User not found
2025-03-13 04:24:32:2432 error: User not found
2025-03-13 04:24:32:2432 error: User not found
2025-03-13 04:24:32:2432 error: Incorrect credentials
2025-03-13 04:24:32:2432 error: All fields are required
2025-03-13 04:24:32:2432 error: All fields are required
2025-03-13 04:24:32:2432 error: User whit email 'john.doe@example.com' already exists
2025-03-13 04:24:32:2432 error: User whit email 'john.doe@example.com' already exists
2025-03-13 04:24:32:2432 error: Email is required
2025-03-13 04:24:32:2432 error: Email is required
2025-03-13 04:24:32:2432 error: User not found
2025-03-13 04:24:32:2432 error: User not found
2025-03-13 06:07:24:724 error: User not found
2025-03-13 06:07:24:724 error: User not found
2025-03-13 06:07:25:725 error: Incorrect credentials
2025-03-13 06:07:25:725 error: All fields are required
2025-03-13 06:07:25:725 error: All fields are required
2025-03-13 06:07:25:725 error: User whit email 'john.doe@example.com' already exists
2025-03-13 06:07:25:725 error: User whit email 'john.doe@example.com' already exists
2025-03-13 06:07:25:725 error: Email is required
2025-03-13 06:07:25:725 error: Email is required
2025-03-13 06:07:25:725 error: User not found
2025-03-13 06:07:25:725 error: User not found
2025-03-13 06:09:43:943 error: User not found
2025-03-13 06:09:43:943 error: User not found
2025-03-13 06:09:43:943 error: All fields are required
2025-03-13 06:09:43:943 error: All fields are required
2025-03-13 06:09:43:943 error: User whit email 'john.doe@example.com' already exists
2025-03-13 06:09:43:943 error: User whit email 'john.doe@example.com' already exists
2025-03-13 06:09:43:943 error: Email is required
2025-03-13 06:09:43:943 error: Email is required
2025-03-13 06:09:43:943 error: User not found
2025-03-13 06:09:43:943 error: User not found
2025-03-13 06:11:46:1146 error: User not found
2025-03-13 06:11:46:1146 error: User not found
2025-03-13 06:11:46:1146 error: All fields are required
2025-03-13 06:11:46:1146 error: All fields are required
2025-03-13 06:11:47:1147 error: User whit email 'john.doe@example.com' already exists
2025-03-13 06:11:47:1147 error: User whit email 'john.doe@example.com' already exists
2025-03-13 06:11:47:1147 error: Email is required
2025-03-13 06:11:47:1147 error: Email is required
2025-03-13 06:11:47:1147 error: User not found
2025-03-13 06:11:47:1147 error: User not found
2025-03-13 06:12:47:1247 error: User not found
2025-03-13 06:12:47:1247 error: User not found
2025-03-13 06:12:47:1247 error: All fields are required
2025-03-13 06:12:47:1247 error: All fields are required
2025-03-13 06:12:47:1247 error: User whit email 'john.doe@example.com' already exists
2025-03-13 06:12:47:1247 error: User whit email 'john.doe@example.com' already exists
2025-03-13 06:12:47:1247 error: Email is required
2025-03-13 06:12:47:1247 error: Email is required
2025-03-13 06:12:47:1247 error: User not found
2025-03-13 06:12:47:1247 error: User not found
2025-03-13 06:13:49:1349 error: User not found
2025-03-13 06:13:49:1349 error: User not found
2025-03-13 06:13:49:1349 error: All fields are required
2025-03-13 06:13:49:1349 error: All fields are required
2025-03-13 06:13:49:1349 error: User whit email 'john.doe@example.com' already exists
2025-03-13 06:13:49:1349 error: User whit email 'john.doe@example.com' already exists
2025-03-13 06:13:49:1349 error: Email is required
2025-03-13 06:13:49:1349 error: Email is required
2025-03-13 06:13:49:1349 error: User not found
2025-03-13 06:13:49:1349 error: User not found
